# JRE version: Java(TM) SE Runtime Environment (17.0.10+11) (build 17.0.10+11-LTS-240)
# Java VM: Java HotSpot(TM) 64-Bit Server VM (17.0.10+11-LTS-240, mixed mode, sharing, tiered, compressed oops, compressed class ptrs, g1 gc, windows-amd64)
GC Precious Log:
 CPUs: 4 total, 4 available
 Memory: 3834M
 Large Page Support: Disabled
 NUMA Support: Disabled
 Compressed Oops: Enabled (Zero based)
 Heap Region Size: 2M
 Heap Min Capacity: 8M
 Heap Initial Capacity: 60M
 Heap Max Capacity: 4G
 Pre-touch: Disabled
 Parallel Workers: 4
 Concurrent Workers: 1
 Concurrent Refinement Workers: 4
 Periodic GC: Disabled
Heap:
 garbage-first heap   total 61440K, used 27142K [0x0000000700000000, 0x0000000800000000)
  region size 2048K, 3 young (6144K), 2 survivors (4096K)
 Metaspace       used 28741K, committed 29184K, reserved 1114112K
  class space    used 4033K, committed 4224K, reserved 1048576K
GC Heap History (20 events):
Event: 1.380 GC heap before
{Heap before GC invocations=1 (full 0):
 garbage-first heap   total 61440K, used 17655K [0x0000000700000000, 0x0000000800000000)
  region size 2048K, 7 young (14336K), 1 survivors (2048K)
 Metaspace       used 3039K, committed 3200K, reserved 1114112K
  class space    used 380K, committed 448K, reserved 1048576K
}
Event: 1.386 GC heap after
{Heap after GC invocations=2 (full 0):
 garbage-first heap   total 61440K, used 10102K [0x0000000700000000, 0x0000000800000000)
  region size 2048K, 1 young (2048K), 1 survivors (2048K)
 Metaspace       used 3039K, committed 3200K, reserved 1114112K
  class space    used 380K, committed 448K, reserved 1048576K
}
Event: 2.050 GC heap before
{Heap before GC invocations=2 (full 0):
 garbage-first heap   total 61440K, used 26486K [0x0000000700000000, 0x0000000800000000)
  region size 2048K, 9 young (18432K), 1 survivors (2048K)
 Metaspace       used 3883K, committed 4032K, reserved 1114112K
  class space    used 475K, committed 576K, reserved 1048576K
}
Event: 2.053 GC heap after
{Heap after GC invocations=3 (full 0):
 garbage-first heap   total 61440K, used 10568K [0x0000000700000000, 0x0000000800000000)
  region size 2048K, 2 young (4096K), 2 survivors (4096K)
 Metaspace       used 3883K, committed 4032K, reserved 1114112K
  class space    used 475K, committed 576K, reserved 1048576K
}
Event: 3.173 GC heap before
{Heap before GC invocations=3 (full 0):
 garbage-first heap   total 61440K, used 37192K [0x0000000700000000, 0x0000000800000000)
  region size 2048K, 16 young (32768K), 2 survivors (4096K)
 Metaspace       used 6433K, committed 6592K, reserved 1114112K
  class space    used 895K, committed 960K, reserved 1048576K
}
Event: 3.180 GC heap after
{Heap after GC invocations=4 (full 0):
 garbage-first heap   total 61440K, used 16128K [0x0000000700000000, 0x0000000800000000)
  region size 2048K, 2 young (4096K), 2 survivors (4096K)
 Metaspace       used 6433K, committed 6592K, reserved 1114112K
  class space    used 895K, committed 960K, reserved 1048576K
}
Event: 4.186 GC heap before
{Heap before GC invocations=4 (full 0):
 garbage-first heap   total 61440K, used 32512K [0x0000000700000000, 0x0000000800000000)
  region size 2048K, 11 young (22528K), 2 survivors (4096K)
 Metaspace       used 11163K, committed 11392K, reserved 1114112K
  class space    used 1540K, committed 1664K, reserved 1048576K
}
Event: 4.191 GC heap after
{Heap after GC invocations=5 (full 0):
 garbage-first heap   total 61440K, used 18706K [0x0000000700000000, 0x0000000800000000)
  region size 2048K, 2 young (4096K), 2 survivors (4096K)
 Metaspace       used 11163K, committed 11392K, reserved 1114112K
  class space    used 1540K, committed 1664K, reserved 1048576K
}
Event: 5.176 GC heap before
{Heap before GC invocations=5 (full 0):
 garbage-first heap   total 61440K, used 37138K [0x0000000700000000, 0x0000000800000000)
  region size 2048K, 11 young (22528K), 2 survivors (4096K)
 Metaspace       used 14460K, committed 14656K, reserved 1114112K
  class space    used 2071K, committed 2176K, reserved 1048576K
}
Event: 5.180 GC heap after
{Heap after GC invocations=6 (full 0):
 garbage-first heap   total 61440K, used 19987K [0x0000000700000000, 0x0000000800000000)
  region size 2048K, 1 young (2048K), 1 survivors (2048K)
 Metaspace       used 14460K, committed 14656K, reserved 1114112K
  class space    used 2071K, committed 2176K, reserved 1048576K
}
Event: 6.139 GC heap before
{Heap before GC invocations=6 (full 0):
 garbage-first heap   total 61440K, used 38419K [0x0000000700000000, 0x0000000800000000)
  region size 2048K, 11 young (22528K), 1 survivors (2048K)
 Metaspace       used 17812K, committed 18112K, reserved 1114112K
  class space    used 2605K, committed 2752K, reserved 1048576K
}
Event: 6.144 GC heap after
{Heap after GC invocations=7 (full 0):
 garbage-first heap   total 61440K, used 21262K [0x0000000700000000, 0x0000000800000000)
  region size 2048K, 2 young (4096K), 2 survivors (4096K)
 Metaspace       used 17812K, committed 18112K, reserved 1114112K
  class space    used 2605K, committed 2752K, reserved 1048576K
}
Event: 6.964 GC heap before
{Heap before GC invocations=7 (full 0):
 garbage-first heap   total 61440K, used 39694K [0x0000000700000000, 0x0000000800000000)
  region size 2048K, 12 young (24576K), 2 survivors (4096K)
 Metaspace       used 20841K, committed 21184K, reserved 1114112K
  class space    used 3077K, committed 3264K, reserved 1048576K
}
Event: 6.968 GC heap after
{Heap after GC invocations=8 (full 0):
 garbage-first heap   total 61440K, used 22155K [0x0000000700000000, 0x0000000800000000)
  region size 2048K, 2 young (4096K), 2 survivors (4096K)
 Metaspace       used 20841K, committed 21184K, reserved 1114112K
  class space    used 3077K, committed 3264K, reserved 1048576K
}
Event: 7.055 GC heap before
{Heap before GC invocations=8 (full 0):
 garbage-first heap   total 61440K, used 24203K [0x0000000700000000, 0x0000000800000000)
  region size 2048K, 4 young (8192K), 2 survivors (4096K)
 Metaspace       used 21155K, committed 21504K, reserved 1114112K
  class space    used 3129K, committed 3328K, reserved 1048576K
}
Event: 7.059 GC heap after
{Heap after GC invocations=9 (full 0):
 garbage-first heap   total 61440K, used 22412K [0x0000000700000000, 0x0000000800000000)
  region size 2048K, 1 young (2048K), 1 survivors (2048K)
 Metaspace       used 21155K, committed 21504K, reserved 1114112K
  class space    used 3129K, committed 3328K, reserved 1048576K
}
Event: 8.142 GC heap before
{Heap before GC invocations=10 (full 0):
 garbage-first heap   total 61440K, used 42892K [0x0000000700000000, 0x0000000800000000)
  region size 2048K, 12 young (24576K), 1 survivors (2048K)
 Metaspace       used 24854K, committed 25152K, reserved 1114112K
  class space    used 3644K, committed 3776K, reserved 1048576K
}
Event: 8.148 GC heap after
{Heap after GC invocations=11 (full 0):
 garbage-first heap   total 61440K, used 24068K [0x0000000700000000, 0x0000000800000000)
  region size 2048K, 2 young (4096K), 2 survivors (4096K)
 Metaspace       used 24854K, committed 25152K, reserved 1114112K
  class space    used 3644K, committed 3776K, reserved 1048576K
}
Event: 8.242 GC heap before
{Heap before GC invocations=11 (full 0):
 garbage-first heap   total 61440K, used 24068K [0x0000000700000000, 0x0000000800000000)
  region size 2048K, 3 young (6144K), 2 survivors (4096K)
 Metaspace       used 25383K, committed 25728K, reserved 1114112K
  class space    used 3675K, committed 3840K, reserved 1048576K
}
Event: 8.248 GC heap after
{Heap after GC invocations=12 (full 0):
 garbage-first heap   total 61440K, used 24363K [0x0000000700000000, 0x0000000800000000)
  region size 2048K, 1 young (2048K), 1 survivors (2048K)
 Metaspace       used 25383K, committed 25728K, reserved 1114112K
  class space    used 3675K, committed 3840K, reserved 1048576K
}

