# JRE version: Java(TM) SE Runtime Environment (17.0.10+11) (build 17.0.10+11-LTS-240)
# Java VM: Java HotSpot(TM) 64-Bit Server VM (17.0.10+11-LTS-240, mixed mode, sharing, tiered, compressed oops, compressed class ptrs, g1 gc, windows-amd64)
GC Precious Log:
 CPUs: 4 total, 4 available
 Memory: 3834M
 Large Page Support: Disabled
 NUMA Support: Disabled
 Compressed Oops: Enabled (Zero based)
 Heap Region Size: 2M
 Heap Min Capacity: 8M
 Heap Initial Capacity: 60M
 Heap Max Capacity: 4G
 Pre-touch: Disabled
 Parallel Workers: 4
 Concurrent Workers: 1
 Concurrent Refinement Workers: 4
 Periodic GC: Disabled
Heap:
 garbage-first heap   total 61440K, used 41448K [0x0000000700000000, 0x0000000800000000)
  region size 2048K, 10 young (20480K), 2 survivors (4096K)
 Metaspace       used 29893K, committed 30272K, reserved 1114112K
  class space    used 4205K, committed 4352K, reserved 1048576K
GC Heap History (20 events):
Event: 0.978 GC heap before
{Heap before GC invocations=0 (full 0):
 garbage-first heap   total 61440K, used 12288K [0x0000000700000000, 0x0000000800000000)
  region size 2048K, 6 young (12288K), 0 survivors (0K)
 Metaspace       used 945K, committed 1088K, reserved 1114112K
  class space    used 74K, committed 128K, reserved 1048576K
}
Event: 0.984 GC heap after
{Heap after GC invocations=1 (full 0):
 garbage-first heap   total 61440K, used 3475K [0x0000000700000000, 0x0000000800000000)
  region size 2048K, 1 young (2048K), 1 survivors (2048K)
 Metaspace       used 945K, committed 1088K, reserved 1114112K
  class space    used 74K, committed 128K, reserved 1048576K
}
Event: 2.008 GC heap before
{Heap before GC invocations=1 (full 0):
 garbage-first heap   total 61440K, used 17811K [0x0000000700000000, 0x0000000800000000)
  region size 2048K, 7 young (14336K), 1 survivors (2048K)
 Metaspace       used 3031K, committed 3200K, reserved 1114112K
  class space    used 380K, committed 448K, reserved 1048576K
}
Event: 2.014 GC heap after
{Heap after GC invocations=2 (full 0):
 garbage-first heap   total 61440K, used 10235K [0x0000000700000000, 0x0000000800000000)
  region size 2048K, 1 young (2048K), 1 survivors (2048K)
 Metaspace       used 3031K, committed 3200K, reserved 1114112K
  class space    used 380K, committed 448K, reserved 1048576K
}
Event: 2.573 GC heap before
{Heap before GC invocations=2 (full 0):
 garbage-first heap   total 61440K, used 26619K [0x0000000700000000, 0x0000000800000000)
  region size 2048K, 9 young (18432K), 1 survivors (2048K)
 Metaspace       used 3860K, committed 4032K, reserved 1114112K
  class space    used 475K, committed 576K, reserved 1048576K
}
Event: 2.575 GC heap after
{Heap after GC invocations=3 (full 0):
 garbage-first heap   total 61440K, used 10632K [0x0000000700000000, 0x0000000800000000)
  region size 2048K, 2 young (4096K), 2 survivors (4096K)
 Metaspace       used 3860K, committed 4032K, reserved 1114112K
  class space    used 475K, committed 576K, reserved 1048576K
}
Event: 4.375 GC heap before
{Heap before GC invocations=3 (full 0):
 garbage-first heap   total 61440K, used 39304K [0x0000000700000000, 0x0000000800000000)
  region size 2048K, 17 young (34816K), 2 survivors (4096K)
 Metaspace       used 7550K, committed 7808K, reserved 1114112K
  class space    used 1017K, committed 1152K, reserved 1048576K
}
Event: 4.385 GC heap after
{Heap after GC invocations=4 (full 0):
 garbage-first heap   total 61440K, used 16552K [0x0000000700000000, 0x0000000800000000)
  region size 2048K, 3 young (6144K), 3 survivors (6144K)
 Metaspace       used 7550K, committed 7808K, reserved 1114112K
  class space    used 1017K, committed 1152K, reserved 1048576K
}
Event: 5.758 GC heap before
{Heap before GC invocations=4 (full 0):
 garbage-first heap   total 61440K, used 37032K [0x0000000700000000, 0x0000000800000000)
  region size 2048K, 13 young (26624K), 3 survivors (6144K)
 Metaspace       used 12129K, committed 12352K, reserved 1114112K
  class space    used 1679K, committed 1792K, reserved 1048576K
}
Event: 5.766 GC heap after
{Heap after GC invocations=5 (full 0):
 garbage-first heap   total 61440K, used 19130K [0x0000000700000000, 0x0000000800000000)
  region size 2048K, 2 young (4096K), 2 survivors (4096K)
 Metaspace       used 12129K, committed 12352K, reserved 1114112K
  class space    used 1679K, committed 1792K, reserved 1048576K
}
Event: 7.151 GC heap before
{Heap before GC invocations=5 (full 0):
 garbage-first heap   total 61440K, used 35514K [0x0000000700000000, 0x0000000800000000)
  region size 2048K, 11 young (22528K), 2 survivors (4096K)
 Metaspace       used 14974K, committed 15232K, reserved 1114112K
  class space    used 2164K, committed 2304K, reserved 1048576K
}
Event: 7.155 GC heap after
{Heap after GC invocations=6 (full 0):
 garbage-first heap   total 61440K, used 20045K [0x0000000700000000, 0x0000000800000000)
  region size 2048K, 2 young (4096K), 2 survivors (4096K)
 Metaspace       used 14974K, committed 15232K, reserved 1114112K
  class space    used 2164K, committed 2304K, reserved 1048576K
}
Event: 8.152 GC heap before
{Heap before GC invocations=6 (full 0):
 garbage-first heap   total 61440K, used 40525K [0x0000000700000000, 0x0000000800000000)
  region size 2048K, 12 young (24576K), 2 survivors (4096K)
 Metaspace       used 18530K, committed 18816K, reserved 1114112K
  class space    used 2726K, committed 2880K, reserved 1048576K
}
Event: 8.158 GC heap after
{Heap after GC invocations=7 (full 0):
 garbage-first heap   total 61440K, used 21649K [0x0000000700000000, 0x0000000800000000)
  region size 2048K, 2 young (4096K), 2 survivors (4096K)
 Metaspace       used 18530K, committed 18816K, reserved 1114112K
  class space    used 2726K, committed 2880K, reserved 1048576K
}
Event: 8.775 GC heap before
{Heap before GC invocations=7 (full 0):
 garbage-first heap   total 61440K, used 40081K [0x0000000700000000, 0x0000000800000000)
  region size 2048K, 12 young (24576K), 2 survivors (4096K)
 Metaspace       used 21155K, committed 21504K, reserved 1114112K
  class space    used 3127K, committed 3328K, reserved 1048576K
}
Event: 8.779 GC heap after
{Heap after GC invocations=8 (full 0):
 garbage-first heap   total 61440K, used 22616K [0x0000000700000000, 0x0000000800000000)
  region size 2048K, 2 young (4096K), 2 survivors (4096K)
 Metaspace       used 21155K, committed 21504K, reserved 1114112K
  class space    used 3127K, committed 3328K, reserved 1048576K
}
Event: 9.466 GC heap before
{Heap before GC invocations=9 (full 0):
 garbage-first heap   total 61440K, used 43096K [0x0000000700000000, 0x0000000800000000)
  region size 2048K, 12 young (24576K), 2 survivors (4096K)
 Metaspace       used 24261K, committed 24576K, reserved 1114112K
  class space    used 3611K, committed 3776K, reserved 1048576K
}
Event: 9.471 GC heap after
{Heap after GC invocations=10 (full 0):
 garbage-first heap   total 61440K, used 24167K [0x0000000700000000, 0x0000000800000000)
  region size 2048K, 2 young (4096K), 2 survivors (4096K)
 Metaspace       used 24261K, committed 24576K, reserved 1114112K
  class space    used 3611K, committed 3776K, reserved 1048576K
}
Event: 10.250 GC heap before
{Heap before GC invocations=10 (full 0):
 garbage-first heap   total 61440K, used 42599K [0x0000000700000000, 0x0000000800000000)
  region size 2048K, 12 young (24576K), 2 survivors (4096K)
 Metaspace       used 28713K, committed 29056K, reserved 1114112K
  class space    used 4031K, committed 4224K, reserved 1048576K
}
Event: 10.257 GC heap after
{Heap after GC invocations=11 (full 0):
 garbage-first heap   total 61440K, used 27112K [0x0000000700000000, 0x0000000800000000)
  region size 2048K, 2 young (4096K), 2 survivors (4096K)
 Metaspace       used 28713K, committed 29056K, reserved 1114112K
  class space    used 4031K, committed 4224K, reserved 1048576K
}

