# JRE version: Java(TM) SE Runtime Environment (17.0.10+11) (build 17.0.10+11-LTS-240)
# Java VM: Java HotSpot(TM) 64-Bit Server VM (17.0.10+11-LTS-240, mixed mode, sharing, tiered, compressed oops, compressed class ptrs, g1 gc, windows-amd64)
GC Precious Log:
 CPUs: 4 total, 4 available
 Memory: 3834M
 Large Page Support: Disabled
 NUMA Support: Disabled
 Compressed Oops: Enabled (32-bit)
 Heap Region Size: 1M
 Heap Min Capacity: 8M
 Heap Initial Capacity: 60M
 Heap Max Capacity: 960M
 Pre-touch: Disabled
 Parallel Workers: 4
 Concurrent Workers: 1
 Concurrent Refinement Workers: 4
 Periodic GC: Disabled
Heap:
 garbage-first heap   total 61440K, used 14938K [0x00000000c4000000, 0x0000000100000000)
  region size 1024K, 6 young (6144K), 3 survivors (3072K)
 Metaspace       used 9310K, committed 9472K, reserved 1114112K
  class space    used 1195K, committed 1280K, reserved 1048576K
GC Heap History (6 events):
Event: 0.725 GC heap before
{Heap before GC invocations=0 (full 0):
 garbage-first heap   total 61440K, used 13312K [0x00000000c4000000, 0x0000000100000000)
  region size 1024K, 13 young (13312K), 0 survivors (0K)
 Metaspace       used 1963K, committed 2048K, reserved 1114112K
  class space    used 190K, committed 256K, reserved 1048576K
}
Event: 0.754 GC heap after
{Heap after GC invocations=1 (full 0):
 garbage-first heap   total 61440K, used 3328K [0x00000000c4000000, 0x0000000100000000)
  region size 1024K, 2 young (2048K), 2 survivors (2048K)
 Metaspace       used 1963K, committed 2048K, reserved 1114112K
  class space    used 190K, committed 256K, reserved 1048576K
}
Event: 2.961 GC heap before
{Heap before GC invocations=1 (full 0):
 garbage-first heap   total 61440K, used 20736K [0x00000000c4000000, 0x0000000100000000)
  region size 1024K, 17 young (17408K), 2 survivors (2048K)
 Metaspace       used 5466K, committed 5696K, reserved 1114112K
  class space    used 746K, committed 832K, reserved 1048576K
}
Event: 2.965 GC heap after
{Heap after GC invocations=2 (full 0):
 garbage-first heap   total 61440K, used 10143K [0x00000000c4000000, 0x0000000100000000)
  region size 1024K, 3 young (3072K), 3 survivors (3072K)
 Metaspace       used 5466K, committed 5696K, reserved 1114112K
  class space    used 746K, committed 832K, reserved 1048576K
}
Event: 520.532 GC heap before
{Heap before GC invocations=2 (full 0):
 garbage-first heap   total 61440K, used 28575K [0x00000000c4000000, 0x0000000100000000)
  region size 1024K, 21 young (21504K), 3 survivors (3072K)
 Metaspace       used 9264K, committed 9472K, reserved 1114112K
  class space    used 1195K, committed 1280K, reserved 1048576K
}
Event: 520.683 GC heap after
{Heap after GC invocations=3 (full 0):
 garbage-first heap   total 61440K, used 12890K [0x00000000c4000000, 0x0000000100000000)
  region size 1024K, 3 young (3072K), 3 survivors (3072K)
 Metaspace       used 9264K, committed 9472K, reserved 1114112K
  class space    used 1195K, committed 1280K, reserved 1048576K
}

