# JRE version: Java(TM) SE Runtime Environment (17.0.10+11) (build 17.0.10+11-LTS-240)
# Java VM: Java HotSpot(TM) 64-Bit Server VM (17.0.10+11-LTS-240, mixed mode, sharing, tiered, compressed oops, compressed class ptrs, g1 gc, windows-amd64)
GC Precious Log:
 CPUs: 4 total, 4 available
 Memory: 3834M
 Large Page Support: Disabled
 NUMA Support: Disabled
 Compressed Oops: Enabled (Zero based)
 Heap Region Size: 2M
 Heap Min Capacity: 8M
 Heap Initial Capacity: 60M
 Heap Max Capacity: 4G
 Pre-touch: Disabled
 Parallel Workers: 4
 Concurrent Workers: 1
 Concurrent Refinement Workers: 4
 Periodic GC: Disabled
Heap:
 garbage-first heap   total 61440K, used 45637K [0x0000000700000000, 0x0000000800000000)
  region size 2048K, 8 young (16384K), 1 survivors (2048K)
 Metaspace       used 37739K, committed 38208K, reserved 1114112K
  class space    used 5253K, committed 5440K, reserved 1048576K
GC Heap History (20 events):
Event: 9.636 GC heap before
{Heap before GC invocations=7 (full 0):
 garbage-first heap   total 61440K, used 37780K [0x0000000700000000, 0x0000000800000000)
  region size 2048K, 11 young (22528K), 2 survivors (4096K)
 Metaspace       used 21171K, committed 21504K, reserved 1114112K
  class space    used 3131K, committed 3328K, reserved 1048576K
}
Event: 9.641 GC heap after
{Heap after GC invocations=8 (full 0):
 garbage-first heap   total 61440K, used 22174K [0x0000000700000000, 0x0000000800000000)
  region size 2048K, 2 young (4096K), 2 survivors (4096K)
 Metaspace       used 21171K, committed 21504K, reserved 1114112K
  class space    used 3131K, committed 3328K, reserved 1048576K
}
Event: 10.482 GC heap before
{Heap before GC invocations=9 (full 0):
 garbage-first heap   total 61440K, used 44702K [0x0000000700000000, 0x0000000800000000)
  region size 2048K, 13 young (26624K), 2 survivors (4096K)
 Metaspace       used 24792K, committed 25088K, reserved 1114112K
  class space    used 3644K, committed 3776K, reserved 1048576K
}
Event: 10.488 GC heap after
{Heap after GC invocations=10 (full 0):
 garbage-first heap   total 61440K, used 23838K [0x0000000700000000, 0x0000000800000000)
  region size 2048K, 2 young (4096K), 2 survivors (4096K)
 Metaspace       used 24792K, committed 25088K, reserved 1114112K
  class space    used 3644K, committed 3776K, reserved 1048576K
}
Event: 11.390 GC heap before
{Heap before GC invocations=10 (full 0):
 garbage-first heap   total 61440K, used 42270K [0x0000000700000000, 0x0000000800000000)
  region size 2048K, 12 young (24576K), 2 survivors (4096K)
 Metaspace       used 28740K, committed 29056K, reserved 1114112K
  class space    used 4034K, committed 4224K, reserved 1048576K
}
Event: 11.397 GC heap after
{Heap after GC invocations=11 (full 0):
 garbage-first heap   total 61440K, used 27096K [0x0000000700000000, 0x0000000800000000)
  region size 2048K, 2 young (4096K), 2 survivors (4096K)
 Metaspace       used 28740K, committed 29056K, reserved 1114112K
  class space    used 4034K, committed 4224K, reserved 1048576K
}
Event: 12.059 GC heap before
{Heap before GC invocations=11 (full 0):
 garbage-first heap   total 61440K, used 43480K [0x0000000700000000, 0x0000000800000000)
  region size 2048K, 11 young (22528K), 2 survivors (4096K)
 Metaspace       used 30109K, committed 30464K, reserved 1114112K
  class space    used 4226K, committed 4416K, reserved 1048576K
}
Event: 12.067 GC heap after
{Heap after GC invocations=12 (full 0):
 garbage-first heap   total 61440K, used 29882K [0x0000000700000000, 0x0000000800000000)
  region size 2048K, 2 young (4096K), 2 survivors (4096K)
 Metaspace       used 30109K, committed 30464K, reserved 1114112K
  class space    used 4226K, committed 4416K, reserved 1048576K
}
Event: 12.071 GC heap before
{Heap before GC invocations=12 (full 0):
 garbage-first heap   total 61440K, used 29882K [0x0000000700000000, 0x0000000800000000)
  region size 2048K, 3 young (6144K), 2 survivors (4096K)
 Metaspace       used 30109K, committed 30464K, reserved 1114112K
  class space    used 4226K, committed 4416K, reserved 1048576K
}
Event: 12.074 GC heap after
{Heap after GC invocations=13 (full 0):
 garbage-first heap   total 61440K, used 30329K [0x0000000700000000, 0x0000000800000000)
  region size 2048K, 1 young (2048K), 1 survivors (2048K)
 Metaspace       used 30109K, committed 30464K, reserved 1114112K
  class space    used 4226K, committed 4416K, reserved 1048576K
}
Event: 12.374 GC heap before
{Heap before GC invocations=14 (full 0):
 garbage-first heap   total 61440K, used 44665K [0x0000000700000000, 0x0000000800000000)
  region size 2048K, 7 young (14336K), 1 survivors (2048K)
 Metaspace       used 31435K, committed 31808K, reserved 1114112K
  class space    used 4329K, committed 4480K, reserved 1048576K
}
Event: 12.377 GC heap after
{Heap after GC invocations=15 (full 0):
 garbage-first heap   total 61440K, used 30456K [0x0000000700000000, 0x0000000800000000)
  region size 2048K, 1 young (2048K), 1 survivors (2048K)
 Metaspace       used 31435K, committed 31808K, reserved 1114112K
  class space    used 4329K, committed 4480K, reserved 1048576K
}
Event: 12.577 GC heap before
{Heap before GC invocations=15 (full 0):
 garbage-first heap   total 61440K, used 42744K [0x0000000700000000, 0x0000000800000000)
  region size 2048K, 7 young (14336K), 1 survivors (2048K)
 Metaspace       used 31849K, committed 32256K, reserved 1114112K
  class space    used 4404K, committed 4608K, reserved 1048576K
}
Event: 12.581 GC heap after
{Heap after GC invocations=16 (full 0):
 garbage-first heap   total 61440K, used 31256K [0x0000000700000000, 0x0000000800000000)
  region size 2048K, 1 young (2048K), 1 survivors (2048K)
 Metaspace       used 31849K, committed 32256K, reserved 1114112K
  class space    used 4404K, committed 4608K, reserved 1048576K
}
Event: 13.012 GC heap before
{Heap before GC invocations=17 (full 0):
 garbage-first heap   total 61440K, used 45592K [0x0000000700000000, 0x0000000800000000)
  region size 2048K, 8 young (16384K), 1 survivors (2048K)
 Metaspace       used 32791K, committed 33216K, reserved 1114112K
  class space    used 4555K, committed 4736K, reserved 1048576K
}
Event: 13.016 GC heap after
{Heap after GC invocations=18 (full 0):
 garbage-first heap   total 61440K, used 31820K [0x0000000700000000, 0x0000000800000000)
  region size 2048K, 1 young (2048K), 1 survivors (2048K)
 Metaspace       used 32791K, committed 33216K, reserved 1114112K
  class space    used 4555K, committed 4736K, reserved 1048576K
}
Event: 13.468 GC heap before
{Heap before GC invocations=18 (full 0):
 garbage-first heap   total 61440K, used 44108K [0x0000000700000000, 0x0000000800000000)
  region size 2048K, 8 young (16384K), 1 survivors (2048K)
 Metaspace       used 34487K, committed 34944K, reserved 1114112K
  class space    used 4732K, committed 4928K, reserved 1048576K
}
Event: 13.471 GC heap after
{Heap after GC invocations=19 (full 0):
 garbage-first heap   total 61440K, used 32373K [0x0000000700000000, 0x0000000800000000)
  region size 2048K, 1 young (2048K), 1 survivors (2048K)
 Metaspace       used 34487K, committed 34944K, reserved 1114112K
  class space    used 4732K, committed 4928K, reserved 1048576K
}
Event: 14.172 GC heap before
{Heap before GC invocations=20 (full 0):
 garbage-first heap   total 61440K, used 46709K [0x0000000700000000, 0x0000000800000000)
  region size 2048K, 8 young (16384K), 1 survivors (2048K)
 Metaspace       used 36101K, committed 36480K, reserved 1114112K
  class space    used 5009K, committed 5184K, reserved 1048576K
}
Event: 14.177 GC heap after
{Heap after GC invocations=21 (full 0):
 garbage-first heap   total 61440K, used 33349K [0x0000000700000000, 0x0000000800000000)
  region size 2048K, 1 young (2048K), 1 survivors (2048K)
 Metaspace       used 36101K, committed 36480K, reserved 1114112K
  class space    used 5009K, committed 5184K, reserved 1048576K
}

